build/app/outputs/mapping/r8/release/mapping.txt
# compiler: R8
# compiler_version: 1.3.54
# min_api: 21
com.example.bottomnav.MainActivity -> com.example.bottomnav.MainActivity:
    1:1:void <init>():7:7 -> <init>
    1:2:void onCreate(android.os.Bundle):10:11 -> onCreate
...
androidx.transition.TransitionValues -> b.j.M:
    java.util.Map values -> a
    android.view.View view -> b
    java.util.ArrayList mTargetedTransitions -> c
    1:1:void <init>():49:49 -> <init>
    2:2:void <init>():59:59 -> <init>
    3:3:void <init>():70:70 -> <init>
    4:4:void <init>(android.view.View):52:52 -> <init>
    5:5:void <init>(android.view.View):59:59 -> <init>
    6:6:void <init>(android.view.View):70:70 -> <init>
    7:7:void <init>(android.view.View):53:53 -> <init>
    1:3:boolean equals(java.lang.Object):74:76 -> equals
    1:1:int hashCode():86:86 -> hashCode
    1:5:java.lang.String toString():91:95 -> toString
androidx.transition.TransitionValuesMaps -> b.j.N:
    android.util.SparseArray mIdValues -> b
    androidx.collection.ArrayMap mNameValues -> d
    androidx.collection.ArrayMap mViewValues -> a
    androidx.collection.LongSparseArray mItemIdValues -> c
    1:1:void <init>():25:25 -> <init>
    2:2:void <init>():27:27 -> <init>
    3:3:void <init>():29:29 -> <init>
    4:4:void <init>():31:31 -> <init>
    5:5:void <init>():33:33 -> <init>
androidx.transition.ViewGroupOverlayApi14 -> b.j.O:
    1:1:void <init>(android.content.Context,android.view.ViewGroup,android.view.View):28:28 -> <init>
    1:1:androidx.transition.ViewGroupOverlayApi14 createFrom(android.view.ViewGroup):32:32 -> a
    2:2:void add(android.view.View):37:37 -> a
    1:1:void remove(android.view.View):42:42 -> b
androidx.transition.ViewGroupOverlayApi18 -> b.j.P:
    android.view.ViewGroupOverlay mViewGroupOverlay -> a
    1:2:void <init>(android.view.ViewGroup):32:33 -> <init>
    1:1:void add(android.graphics.drawable.Drawable):38:38 -> a
    2:2:void add(android.view.View):48:48 -> a
    1:1:void remove(android.graphics.drawable.Drawable):43:43 -> b
    2:2:void remove(android.view.View):53:53 -> b
androidx.transition.ViewGroupOverlayImpl -> b.j.Q:
    void add(android.view.View) -> a
    void remove(android.view.View) -> b
androidx.transition.ViewGroupUtils -> b.j.S:
    boolean sTryHiddenSuppressLayout -> a
    1:2:androidx.transition.ViewGroupOverlayImpl getOverlay(android.view.ViewGroup):46:47 -> a
    3:3:androidx.transition.ViewGroupOverlayImpl getOverlay(android.view.ViewGroup):49:49 -> a
    4:5:void suppressLayout(android.view.ViewGroup,boolean):56:57 -> a
    6:6:void suppressLayout(android.view.ViewGroup,boolean):59:59 -> a
    7:7:void suppressLayout(android.view.ViewGroup,boolean):61:61 -> a
    1:1:void hiddenSuppressLayout(android.view.ViewGroup,boolean):68:68 -> b
    2:2:void hiddenSuppressLayout(android.view.ViewGroup,boolean):72:72 -> b
    3:3:void hiddenSuppressLayout(android.view.ViewGroup,boolean):74:74 -> b